<?xml version="1.0" encoding="UTF-8"?>
<testng-results skipped="0" failed="0" total="1" passed="1">
  <reporter-output>
  </reporter-output>
  <suite name="Surefire suite" duration-ms="198" started-at="2022-06-09T03:54:31Z" finished-at="2022-06-09T03:54:32Z">
    <groups>
    </groups>
    <test name="Surefire test" duration-ms="198" started-at="2022-06-09T03:54:31Z" finished-at="2022-06-09T03:54:32Z">
      <class name="com.rameshsoft.test.GitBatchJuly2022.AppTest">
        <test-method status="PASS" signature="testApp()[pri:0, instance:testApp(com.rameshsoft.test.GitBatchJuly2022.AppTest)]" name="testApp" duration-ms="1" started-at="2022-06-09T09:24:32Z" finished-at="2022-06-09T09:24:32Z">
          <reporter-output>
          </reporter-output>
        </test-method> <!-- testApp -->
      </class> <!-- com.rameshsoft.test.GitBatchJuly2022.AppTest -->
    </test> <!-- Surefire test -->
  </suite> <!-- Surefire suite -->
</testng-results>
