<?xml version="1.0" encoding="UTF-8"?>
<!-- Generated by org.testng.reporters.JUnitXMLReporter -->
<testsuite hostname="MYUSER-PC" name="Surefire test" tests="3" failures="0" timestamp="9 Jun 2022 03:54:31 GMT" time="0.049" errors="0">
  <testcase name="testOne" time="0.021" classname="com.rameshsoft.test.GitBatchJuly2022.TestDemo"/>
  <testcase name="testThree" time="0.001" classname="com.rameshsoft.test.GitBatchJuly2022.TestDemo"/>
  <testcase name="testTwo" time="0.001" classname="com.rameshsoft.test.GitBatchJuly2022.TestDemo"/>
</testsuite> <!-- Surefire test -->
