<?xml version="1.0" encoding="UTF-8"?>
<testsuite xmlns:xsi="http://www.w3.org/2001/XMLSchema-instance" xsi:noNamespaceSchemaLocation="https://maven.apache.org/surefire/maven-surefire-plugin/xsd/surefire-test-report.xsd" name="TestSuite" time="3.747" tests="4" errors="0" skipped="0" failures="0">
  <properties>
[...]
</properties>
  <testcase name="testOne" classname="com.rameshsoft.test.GitBatchJuly2022.TestDemo" time="0.022"/>
  <testcase name="testThree" classname="com.rameshsoft.test.GitBatchJuly2022.TestDemo" time="0"/>
  <testcase name="testTwo" classname="com.rameshsoft.test.GitBatchJuly2022.TestDemo" time="0"/>
  <testcase name="testApp on testApp(com.rameshsoft.test.GitBatchJuly2022.AppTest)" classname="com.rameshsoft.test.GitBatchJuly2022.AppTest" time="0.632"/>
</testsuite>